c:\users\jasik\desktop\programy\c++\pokemone_clone\x64\debug\vc142.pdb
c:\users\jasik\desktop\programy\c++\pokemone_clone\x64\debug\vc142.idb
c:\users\jasik\desktop\programy\c++\pokemone_clone\x64\debug\system.obj
c:\users\jasik\desktop\programy\c++\pokemone_clone\x64\debug\source.obj
c:\users\jasik\desktop\programy\c++\pokemone_clone\x64\debug\player.obj
c:\users\jasik\desktop\programy\c++\pokemone_clone\x64\debug\npc.obj
c:\users\jasik\desktop\programy\c++\pokemone_clone\x64\debug\map.obj
c:\users\jasik\desktop\programy\c++\pokemone_clone\x64\debug\drawmap.obj
c:\users\jasik\desktop\programy\c++\pokemone_clone\x64\debug\pokemone_clone.ilk
c:\users\jasik\desktop\programy\c++\pokemone_clone\x64\debug\pokemone_clone.exe
c:\users\jasik\desktop\programy\c++\pokemone_clone\x64\debug\pokemone_clone.pdb
c:\users\jasik\desktop\programy\c++\pokemone_clone\x64\debug\drawmap.nativecodeanalysis.xml
c:\users\jasik\desktop\programy\c++\pokemone_clone\x64\debug\map.nativecodeanalysis.xml
c:\users\jasik\desktop\programy\c++\pokemone_clone\x64\debug\npc.nativecodeanalysis.xml
c:\users\jasik\desktop\programy\c++\pokemone_clone\x64\debug\player.nativecodeanalysis.xml
c:\users\jasik\desktop\programy\c++\pokemone_clone\x64\debug\source.nativecodeanalysis.xml
c:\users\jasik\desktop\programy\c++\pokemone_clone\x64\debug\system.nativecodeanalysis.xml
c:\users\jasik\desktop\programy\c++\pokemone_clone\x64\debug\pokemone_clone.tlog\cl.command.1.tlog
c:\users\jasik\desktop\programy\c++\pokemone_clone\x64\debug\pokemone_clone.tlog\cl.read.1.tlog
c:\users\jasik\desktop\programy\c++\pokemone_clone\x64\debug\pokemone_clone.tlog\cl.write.1.tlog
c:\users\jasik\desktop\programy\c++\pokemone_clone\x64\debug\pokemone_clone.tlog\link.command.1.tlog
c:\users\jasik\desktop\programy\c++\pokemone_clone\x64\debug\pokemone_clone.tlog\link.read.1.tlog
c:\users\jasik\desktop\programy\c++\pokemone_clone\x64\debug\pokemone_clone.tlog\link.write.1.tlog
